<?xml version="1.0" encoding="UTF-8"?>
<!-- Generated by org.testng.reporters.JUnitReportReporter -->
<testsuite skipped="0" hostname="New" name="org.testng.fbbook" tests="1" failures="0" timestamp="28 Feb 2022 06:08:03 GMT" time="11.883" errors="0">
  <testcase name="book" time="11.883" classname="org.testng.fbbook"/>
</testsuite> <!-- org.testng.fbbook -->
