<?xml version="1.0" encoding="UTF-8"?>
<!-- Generated by org.testng.reporters.JUnitReportReporter -->
<testsuite skipped="0" hostname="New" name="org.testng.facebook" tests="1" failures="0" timestamp="22 Feb 2022 14:18:29 GMT" time="0.019" errors="0">
  <testcase name="test" time="0.019" classname="org.testng.facebook"/>
</testsuite> <!-- org.testng.facebook -->
