<?xml version="1.0" encoding="UTF-8"?>
<!-- Generated by org.testng.reporters.JUnitReportReporter -->
<testsuite skipped="0" hostname="New" name="org.testng.Screens" tests="1" failures="0" timestamp="04 Mar 2022 06:35:54 GMT" time="15.363" errors="0">
  <testcase name="test1" time="15.363" classname="org.testng.Screens"/>
</testsuite> <!-- org.testng.Screens -->
