<?xml version="1.0" encoding="UTF-8"?>
<!-- Generated by org.testng.reporters.JUnitReportReporter -->
<testsuite skipped="0" hostname="New" name="org.testng.classA" tests="1" failures="0" timestamp="27 Feb 2022 16:26:28 GMT" time="0.006" errors="0">
  <testcase name="testa" time="0.006" classname="org.testng.classA"/>
</testsuite> <!-- org.testng.classA -->
